Flutter crash report.
Please report a bug at https://github.com/flutter/flutter/issues.

## command

flutter run

## exception

FileSystemException: FileSystemException: Exists failed, path = 'assets\images\' (OS Error: The filename, directory name, or volume label syntax is incorrect.
, errno = 123)

```
#0      _Directory.existsSync (dart:io/directory_impl.dart:87:7)
#1      ForwardingFileSystemEntity.existsSync (package:file/src/forwarding/forwarding_file_system_entity.dart:43:33)
#2      ErrorHandlingDirectory.existsSync.<anonymous closure> (package:flutter_tools/src/base/error_handling_io.dart:503:22)
#3      _runSync (package:flutter_tools/src/base/error_handling_io.dart:600:14)
#4      ErrorHandlingDirectory.existsSync (package:flutter_tools/src/base/error_handling_io.dart:502:12)
#5      ManifestAssetBundle.needsBuild (package:flutter_tools/src/asset.dart:231:22)
#6      ResidentWebRunner._updateDevFS (package:flutter_tools/src/isolated/resident_web_runner.dart:562:44)
#7      ResidentWebRunner.restart (package:flutter_tools/src/isolated/resident_web_runner.dart:427:43)
<asynchronous suspension>
#8      TerminalHandler._commonTerminalInputHandler (package:flutter_tools/src/resident_runner.dart:1783:40)
<asynchronous suspension>
#9      TerminalHandler.processTerminalInput (package:flutter_tools/src/resident_runner.dart:1836:7)
<asynchronous suspension>
```

## flutter doctor

```
[32m[✓][39m Flutter (Channel stable, 3.24.5, on Microsoft Windows [Version 10.0.22631.4751], locale en-IN)
    [32m•[39m Flutter version 3.24.5 on channel stable at C:\src\flutter
    [32m•[39m Upstream repository https://github.com/flutter/flutter.git
    [32m•[39m Framework revision dec2ee5c1f (3 months ago), 2024-11-13 11:13:06 -0800
    [32m•[39m Engine revision a18df97ca5
    [32m•[39m Dart version 3.5.4
    [32m•[39m DevTools version 2.37.3

[32m[✓][39m Windows Version (Installed version of Windows is version 10 or higher)

[32m[✓][39m Android toolchain - develop for Android devices (Android SDK version 34.0.0)
    [32m•[39m Android SDK at C:\Users\LENOVO\AppData\Local\Android\sdk
    [32m•[39m Platform android-34, build-tools 34.0.0
    [32m•[39m Java binary at: C:\Program Files\Android\Android Studio15\jbr\bin\java
    [32m•[39m Java version OpenJDK Runtime Environment (build 21.0.3+-12282718-b509.11)
    [32m•[39m All Android licenses accepted.

[32m[✓][39m Chrome - develop for the web
    [32m•[39m Chrome at C:\Program Files\Google\Chrome\Application\chrome.exe

[31m[✗][39m Visual Studio - develop Windows apps
    [31m✗[39m Visual Studio not installed; this is necessary to develop Windows apps.
      Download at https://visualstudio.microsoft.com/downloads/.
      Please install the "Desktop development with C++" workload, including all of its default components

[32m[✓][39m Android Studio (version 2024.2)
    [32m•[39m Android Studio at C:\Program Files\Android\Android Studio15
    [32m•[39m Flutter plugin can be installed from:
      🔨 https://plugins.jetbrains.com/plugin/9212-flutter
    [32m•[39m Dart plugin can be installed from:
      🔨 https://plugins.jetbrains.com/plugin/6351-dart
    [32m•[39m Java version OpenJDK Runtime Environment (build 21.0.3+-12282718-b509.11)

[32m[✓][39m VS Code (version 1.96.4)
    [32m•[39m VS Code at C:\Users\LENOVO\AppData\Local\Programs\Microsoft VS Code
    [32m•[39m Flutter extension version 3.102.0

[32m[✓][39m Connected device (3 available)
    [32m•[39m Windows (desktop) • windows • windows-x64    • Microsoft Windows [Version 10.0.22631.4751]
    [32m•[39m Chrome (web)      • chrome  • web-javascript • Google Chrome 132.0.6834.111
    [32m•[39m Edge (web)        • edge    • web-javascript • Microsoft Edge 132.0.2957.127

[32m[✓][39m Network resources
    [32m•[39m All expected network resources are available.

[33m![39m Doctor found issues in 1 category.
```
